<?xml version="1.0" encoding="UTF-8"?>
<testsuite name="Registrar un nuevo usuario en la página Product Store." tests="1" skipped="0" failures="0" errors="0" timestamp="2024-04-01T21:38:35" hostname="DESKTOP-GRCLGBE" time="9.734">
  <properties/>
  <testcase name="Registro exitoso de un nuevo usuario" classname="Registrar un nuevo usuario en la página Product Store." time="9.734"/>
  <system-out><![CDATA[]]></system-out>
  <system-err><![CDATA[]]></system-err>
</testsuite>
